Start testing: Aug 03 23:26 CST
----------------------------------------------------------
1/5 Testing: test_rrbot_hardware_interface
1/5 Test: test_rrbot_hardware_interface
Command: "/usr/bin/python3" "-u" "/opt/ros/humble/share/ament_cmake_test/cmake/run_test.py" "/home/gbb/rrbot_ws/build/my_hardware_interface/test_results/my_hardware_interface/test_rrbot_hardware_interface.gtest.xml" "--package-name" "my_hardware_interface" "--output-file" "/home/gbb/rrbot_ws/build/my_hardware_interface/ament_cmake_gmock/test_rrbot_hardware_interface.txt" "--command" "/home/gbb/rrbot_ws/build/my_hardware_interface/test_rrbot_hardware_interface" "--gtest_output=xml:/home/gbb/rrbot_ws/build/my_hardware_interface/test_results/my_hardware_interface/test_rrbot_hardware_interface.gtest.xml"
Directory: /home/gbb/rrbot_ws/build/my_hardware_interface
"test_rrbot_hardware_interface" start time: Aug 03 23:26 CST
Output:
----------------------------------------------------------
-- run_test.py: invoking following command in '/home/gbb/rrbot_ws/build/my_hardware_interface':
 - /home/gbb/rrbot_ws/build/my_hardware_interface/test_rrbot_hardware_interface --gtest_output=xml:/home/gbb/rrbot_ws/build/my_hardware_interface/test_results/my_hardware_interface/test_rrbot_hardware_interface.gtest.xml
Running main() from gmock_main.cc
[==========] Running 1 test from 1 test suite.
[----------] Global test environment set-up.
[----------] 1 test from TestRRBotHardwareInterface
[ RUN      ] TestRRBotHardwareInterface.load_rrbot_hardware_interface_2dof
[INFO] [1754234816.486640601] [resource_manager]: Loading hardware 'RRBotHardwareInterface2dof' 
[INFO] [1754234816.487164491] [resource_manager]: Initialize hardware 'RRBotHardwareInterface2dof' 
[INFO] [1754234816.487223370] [resource_manager]: Successful initialization of hardware 'RRBotHardwareInterface2dof'
[       OK ] TestRRBotHardwareInterface.load_rrbot_hardware_interface_2dof (3 ms)
[----------] 1 test from TestRRBotHardwareInterface (3 ms total)

[----------] Global test environment tear-down
[==========] 1 test from 1 test suite ran. (3 ms total)
[  PASSED  ] 1 test.
-- run_test.py: return code 0
-- run_test.py: inject classname prefix into gtest result file '/home/gbb/rrbot_ws/build/my_hardware_interface/test_results/my_hardware_interface/test_rrbot_hardware_interface.gtest.xml'
-- run_test.py: verify result file '/home/gbb/rrbot_ws/build/my_hardware_interface/test_results/my_hardware_interface/test_rrbot_hardware_interface.gtest.xml'
<end of output>
Test time =   0.11 sec
----------------------------------------------------------
Test Passed.
"test_rrbot_hardware_interface" end time: Aug 03 23:26 CST
"test_rrbot_hardware_interface" time elapsed: 00:00:00
----------------------------------------------------------

2/5 Testing: cppcheck
2/5 Test: cppcheck
Command: "/usr/bin/python3" "-u" "/opt/ros/humble/share/ament_cmake_test/cmake/run_test.py" "/home/gbb/rrbot_ws/build/my_hardware_interface/test_results/my_hardware_interface/cppcheck.xunit.xml" "--package-name" "my_hardware_interface" "--output-file" "/home/gbb/rrbot_ws/build/my_hardware_interface/ament_cppcheck/cppcheck.txt" "--command" "/opt/ros/humble/bin/ament_cppcheck" "--xunit-file" "/home/gbb/rrbot_ws/build/my_hardware_interface/test_results/my_hardware_interface/cppcheck.xunit.xml" "--include_dirs" "/home/gbb/rrbot_ws/my_hardware_interface/include"
Directory: /home/gbb/rrbot_ws/my_hardware_interface
"cppcheck" start time: Aug 03 23:26 CST
Output:
----------------------------------------------------------
-- run_test.py: invoking following command in '/home/gbb/rrbot_ws/my_hardware_interface':
 - /opt/ros/humble/bin/ament_cppcheck --xunit-file /home/gbb/rrbot_ws/build/my_hardware_interface/test_results/my_hardware_interface/cppcheck.xunit.xml --include_dirs /home/gbb/rrbot_ws/my_hardware_interface/include
cppcheck 2.7 has known performance issues and therefore will not be used, set the AMENT_CPPCHECK_ALLOW_SLOW_VERSIONS environment variable to override this.
-- run_test.py: return code 0
-- run_test.py: verify result file '/home/gbb/rrbot_ws/build/my_hardware_interface/test_results/my_hardware_interface/cppcheck.xunit.xml'
<end of output>
Test time =   0.24 sec
----------------------------------------------------------
Test Passed.
"cppcheck" end time: Aug 03 23:26 CST
"cppcheck" time elapsed: 00:00:00
----------------------------------------------------------

3/5 Testing: lint_cmake
3/5 Test: lint_cmake
Command: "/usr/bin/python3" "-u" "/opt/ros/humble/share/ament_cmake_test/cmake/run_test.py" "/home/gbb/rrbot_ws/build/my_hardware_interface/test_results/my_hardware_interface/lint_cmake.xunit.xml" "--package-name" "my_hardware_interface" "--output-file" "/home/gbb/rrbot_ws/build/my_hardware_interface/ament_lint_cmake/lint_cmake.txt" "--command" "/opt/ros/humble/bin/ament_lint_cmake" "--xunit-file" "/home/gbb/rrbot_ws/build/my_hardware_interface/test_results/my_hardware_interface/lint_cmake.xunit.xml"
Directory: /home/gbb/rrbot_ws/my_hardware_interface
"lint_cmake" start time: Aug 03 23:26 CST
Output:
----------------------------------------------------------
-- run_test.py: invoking following command in '/home/gbb/rrbot_ws/my_hardware_interface':
 - /opt/ros/humble/bin/ament_lint_cmake --xunit-file /home/gbb/rrbot_ws/build/my_hardware_interface/test_results/my_hardware_interface/lint_cmake.xunit.xml

No problems found
-- run_test.py: return code 0
-- run_test.py: verify result file '/home/gbb/rrbot_ws/build/my_hardware_interface/test_results/my_hardware_interface/lint_cmake.xunit.xml'
<end of output>
Test time =   0.21 sec
----------------------------------------------------------
Test Passed.
"lint_cmake" end time: Aug 03 23:26 CST
"lint_cmake" time elapsed: 00:00:00
----------------------------------------------------------

4/5 Testing: uncrustify
4/5 Test: uncrustify
Command: "/usr/bin/python3" "-u" "/opt/ros/humble/share/ament_cmake_test/cmake/run_test.py" "/home/gbb/rrbot_ws/build/my_hardware_interface/test_results/my_hardware_interface/uncrustify.xunit.xml" "--package-name" "my_hardware_interface" "--output-file" "/home/gbb/rrbot_ws/build/my_hardware_interface/ament_uncrustify/uncrustify.txt" "--command" "/opt/ros/humble/bin/ament_uncrustify" "--xunit-file" "/home/gbb/rrbot_ws/build/my_hardware_interface/test_results/my_hardware_interface/uncrustify.xunit.xml"
Directory: /home/gbb/rrbot_ws/my_hardware_interface
"uncrustify" start time: Aug 03 23:26 CST
Output:
----------------------------------------------------------
-- run_test.py: invoking following command in '/home/gbb/rrbot_ws/my_hardware_interface':
 - /opt/ros/humble/bin/ament_uncrustify --xunit-file /home/gbb/rrbot_ws/build/my_hardware_interface/test_results/my_hardware_interface/uncrustify.xunit.xml
Code style divergence in file 'src/rrbot_hardware_interface.cpp':

--- src/rrbot_hardware_interface.cpp
+++ src/rrbot_hardware_interface.cpp.uncrustify
@@ -27,2 +27 @@
-  if (hardware_interface::SystemInterface::on_init(info) != CallbackReturn::SUCCESS)
-  {
+  if (hardware_interface::SystemInterface::on_init(info) != CallbackReturn::SUCCESS) {
@@ -50,5 +49,5 @@
-  for (size_t i = 0; i < info_.joints.size(); ++i)
-  {
-    state_interfaces.emplace_back(hardware_interface::StateInterface(
-      // TODO(anyone): insert correct interfaces
-      info_.joints[i].name, hardware_interface::HW_IF_POSITION, &hw_states_[i]));
+  for (size_t i = 0; i < info_.joints.size(); ++i) {
+    state_interfaces.emplace_back(
+      hardware_interface::StateInterface(
+        // TODO(anyone): insert correct interfaces
+        info_.joints[i].name, hardware_interface::HW_IF_POSITION, &hw_states_[i]));
@@ -63,5 +62,5 @@
-  for (size_t i = 0; i < info_.joints.size(); ++i)
-  {
-    command_interfaces.emplace_back(hardware_interface::CommandInterface(
-      // TODO(anyone): insert correct interfaces
-      info_.joints[i].name, hardware_interface::HW_IF_POSITION, &hw_commands_[i]));
+  for (size_t i = 0; i < info_.joints.size(); ++i) {
+    command_interfaces.emplace_back(
+      hardware_interface::CommandInterface(
+        // TODO(anyone): insert correct interfaces
+        info_.joints[i].name, hardware_interface::HW_IF_POSITION, &hw_commands_[i]));

Code style divergence in file 'test/test_rrbot_hardware_interface.cpp':

--- test/test_rrbot_hardware_interface.cpp
+++ test/test_rrbot_hardware_interface.cpp.uncrustify
@@ -55 +55 @@
-              ros2_control_test_assets::urdf_tail;
+    ros2_control_test_assets::urdf_tail;

2 files with code style divergence
No code style divergence in file 'include/my_hardware_interface/rrbot_hardware_interface.hpp'

-- run_test.py: return code 1
-- run_test.py: verify result file '/home/gbb/rrbot_ws/build/my_hardware_interface/test_results/my_hardware_interface/uncrustify.xunit.xml'
<end of output>
Test time =   0.29 sec
----------------------------------------------------------
Test Failed.
"uncrustify" end time: Aug 03 23:26 CST
"uncrustify" time elapsed: 00:00:00
----------------------------------------------------------

5/5 Testing: xmllint
5/5 Test: xmllint
Command: "/usr/bin/python3" "-u" "/opt/ros/humble/share/ament_cmake_test/cmake/run_test.py" "/home/gbb/rrbot_ws/build/my_hardware_interface/test_results/my_hardware_interface/xmllint.xunit.xml" "--package-name" "my_hardware_interface" "--output-file" "/home/gbb/rrbot_ws/build/my_hardware_interface/ament_xmllint/xmllint.txt" "--command" "/opt/ros/humble/bin/ament_xmllint" "--xunit-file" "/home/gbb/rrbot_ws/build/my_hardware_interface/test_results/my_hardware_interface/xmllint.xunit.xml"
Directory: /home/gbb/rrbot_ws/my_hardware_interface
"xmllint" start time: Aug 03 23:26 CST
Output:
----------------------------------------------------------
-- run_test.py: invoking following command in '/home/gbb/rrbot_ws/my_hardware_interface':
 - /opt/ros/humble/bin/ament_xmllint --xunit-file /home/gbb/rrbot_ws/build/my_hardware_interface/test_results/my_hardware_interface/xmllint.xunit.xml
File 'my_hardware_interface.xml' is valid

File 'package.xml' is valid

No problems found
-- run_test.py: return code 0
-- run_test.py: verify result file '/home/gbb/rrbot_ws/build/my_hardware_interface/test_results/my_hardware_interface/xmllint.xunit.xml'
<end of output>
Test time =   1.59 sec
----------------------------------------------------------
Test Passed.
"xmllint" end time: Aug 03 23:26 CST
"xmllint" time elapsed: 00:00:01
----------------------------------------------------------

End testing: Aug 03 23:26 CST

cppcheck =   0.24 sec*proc

gmock =   0.11 sec*proc

lint_cmake =   0.21 sec*proc

linter =   2.32 sec*proc

uncrustify =   0.29 sec*proc

xmllint =   1.59 sec*proc

