<?xml version="1.0" encoding="UTF-8"?>
<testsuites tests="1" failures="0" disabled="0" errors="0" time="0.003" timestamp="2025-08-03T23:26:56" name="AllTests">
  <testsuite name="TestRRBotHardwareInterface" tests="1" failures="0" disabled="0" errors="0" time="0.003" timestamp="2025-08-03T23:26:56">
    <testcase name="load_rrbot_hardware_interface_2dof" status="run" result="completed" time="0.003" timestamp="2025-08-03T23:26:56" classname="my_hardware_interface.TestRRBotHardwareInterface" />
  </testsuite>
</testsuites>
