[0.073s] Invoking command in '/home/gbb/rrbot_ws/build/my_position_controller': CMAKE_PREFIX_PATH=/opt/ros/humble /usr/bin/cmake /home/gbb/rrbot_ws/src/my_position_controller -DCMAKE_INSTALL_PREFIX=/home/gbb/rrbot_ws/install/my_position_controller
[0.482s] -- The C compiler identification is GNU 11.4.0
[0.727s] -- The CXX compiler identification is GNU 11.4.0
[0.743s] -- Detecting C compiler ABI info
[0.909s] -- Detecting C compiler ABI info - done
[0.927s] -- Check for working C compiler: /usr/bin/cc - skipped
[0.927s] -- Detecting C compile features
[0.927s] -- Detecting C compile features - done
[0.931s] -- Detecting CXX compiler ABI info
[1.098s] -- Detecting CXX compiler ABI info - done
[1.113s] -- Check for working CXX compiler: /usr/bin/c++ - skipped
[1.113s] -- Detecting CXX compile features
[1.114s] -- Detecting CXX compile features - done
[1.118s] -- Found ament_cmake: 1.3.12 (/opt/ros/humble/share/ament_cmake/cmake)
[1.420s] -- Found Python3: /usr/bin/python3 (found version "3.10.12") found components: Interpreter 
[1.568s] -- Found generate_parameter_library: 0.5.0 (/opt/ros/humble/share/generate_parameter_library/cmake)
[1.579s] -- Found parameter_traits: 0.5.0 (/opt/ros/humble/share/parameter_traits/cmake)
[1.668s] -- Found rosidl_generator_c: 3.1.7 (/opt/ros/humble/share/rosidl_generator_c/cmake)
[1.679s] -- Found rosidl_adapter: 3.1.7 (/opt/ros/humble/share/rosidl_adapter/cmake)
[1.696s] -- Found rosidl_generator_cpp: 3.1.7 (/opt/ros/humble/share/rosidl_generator_cpp/cmake)
[1.724s] -- Using all available rosidl_typesupport_c: rosidl_typesupport_fastrtps_c;rosidl_typesupport_introspection_c
[1.752s] -- Using all available rosidl_typesupport_cpp: rosidl_typesupport_fastrtps_cpp;rosidl_typesupport_introspection_cpp
[1.819s] -- Found rmw_implementation_cmake: 6.1.2 (/opt/ros/humble/share/rmw_implementation_cmake/cmake)
[1.824s] -- Found rmw_fastrtps_cpp: 6.2.8 (/opt/ros/humble/share/rmw_fastrtps_cpp/cmake)
[1.953s] -- Found OpenSSL: /usr/lib/x86_64-linux-gnu/libcrypto.so (found version "3.0.2")  
[1.999s] -- Found FastRTPS: /opt/ros/humble/include  
[2.062s] -- Using RMW implementation 'rmw_fastrtps_cpp' as default
[2.076s] -- Looking for pthread.h
[2.218s] -- Looking for pthread.h - found
[2.218s] -- Performing Test CMAKE_HAVE_LIBC_PTHREAD
[2.372s] -- Performing Test CMAKE_HAVE_LIBC_PTHREAD - Success
[2.374s] -- Found Threads: TRUE  
[2.520s] -- Found rclcpp_lifecycle: 16.0.14 (/opt/ros/humble/share/rclcpp_lifecycle/cmake)
[2.561s] -- Found control_msgs: 4.8.0 (/opt/ros/humble/share/control_msgs/cmake)
[2.768s] -- Found controller_interface: 2.51.0 (/opt/ros/humble/share/controller_interface/cmake)
[2.851s] -- Found realtime_tools: 2.14.0 (/opt/ros/humble/share/realtime_tools/cmake)
[2.888s] -- Found std_srvs: 4.9.0 (/opt/ros/humble/share/std_srvs/cmake)
[3.076s] -- Configuring done
[3.125s] -- Generating done
[3.137s] -- Build files have been written to: /home/gbb/rrbot_ws/build/my_position_controller
[3.164s] Invoked command in '/home/gbb/rrbot_ws/build/my_position_controller' returned '0': CMAKE_PREFIX_PATH=/opt/ros/humble /usr/bin/cmake /home/gbb/rrbot_ws/src/my_position_controller -DCMAKE_INSTALL_PREFIX=/home/gbb/rrbot_ws/install/my_position_controller
[3.165s] Invoking command in '/home/gbb/rrbot_ws/build/my_position_controller': CMAKE_PREFIX_PATH=/opt/ros/humble /usr/bin/cmake --build /home/gbb/rrbot_ws/build/my_position_controller -- -j8 -l8
[3.279s] [ 25%] [34m[1mRunning `/opt/ros/humble/bin/generate_parameter_library_cpp /home/gbb/rrbot_ws/build/my_position_controller/include/my_position_controller/my_position_controller_parameters.hpp /home/gbb/rrbot_ws/src/my_position_controller/src/my_position_controller.yaml validate_my_position_controller_parameters.hpp`[0m
[3.720s] [ 50%] [34m[1mCreating deprecated header file /home/gbb/rrbot_ws/build/my_position_controller/include/my_position_controller_parameters.hpp[0m
[3.764s] [ 50%] Built target my_position_controller_parameters
[3.824s] [ 75%] [32mBuilding CXX object CMakeFiles/my_position_controller.dir/src/my_position_controller.cpp.o[0m
[22.134s] In file included from [01m[K/home/gbb/rrbot_ws/src/my_position_controller/include/my_position_controller/my_position_controller.hpp:23[m[K,
[22.139s]                  from [01m[K/home/gbb/rrbot_ws/src/my_position_controller/src/my_position_controller.cpp:15[m[K:
[22.139s] [01m[K/home/gbb/rrbot_ws/build/my_position_controller/include/my_position_controller_parameters.hpp:1:169:[m[K [01;36m[Knote: [m[K‚Äò[01m[K#pragma message: #include "my_position_controller_parameters.hpp" is deprecated. Use #include <my_position_controller/my_position_controller_parameters.hpp> instead.[m[K‚Äô
[22.139s]     1 | clude \"my_position_controller_parameters.hpp\" is deprecated. Use #include <my_position_controller/my_position_controller_parameters.hpp> instead."[01;36m[K)[m[K
[22.139s]       |                                                                                                                                                     [01;36m[K^[m[K
[22.139s] 
[22.347s] In file included from [01m[K/home/gbb/rrbot_ws/build/my_position_controller/include/my_position_controller_parameters.hpp:31[m[K,
[22.348s]                  from [01m[K/home/gbb/rrbot_ws/src/my_position_controller/include/my_position_controller/my_position_controller.hpp:23[m[K,
[22.348s]                  from [01m[K/home/gbb/rrbot_ws/src/my_position_controller/src/my_position_controller.cpp:15[m[K:
[22.348s] [01m[K/home/gbb/rrbot_ws/build/my_position_controller/include/validate_my_position_controller_parameters.hpp:24:75:[m[K [01;35m[Kwarning: [m[K‚Äò[01m[Kusing Result = class tl::expected<void, std::__cxx11::basic_string<char> >[m[K‚Äô is deprecated: Use tl::expected<void, std::string> for return instead. `#include <tl_expected/expected.hpp>`. [[01;35m[K]8;;https://gcc.gnu.org/onlinedocs/gcc/Warning-Options.html#index-Wdeprecated-declarations-Wdeprecated-declarations]8;;[m[K]
[22.348s]    24 | Result forbidden_interface_name_prefix(rclcpp::Parameter const & parameter[01;35m[K)[m[K
[22.348s]       |                                                                           [01;35m[K^[m[K
[22.349s] In file included from [01m[K/home/gbb/rrbot_ws/build/my_position_controller/include/my_position_controller_parameters.hpp:25[m[K,
[22.349s]                  from [01m[K/home/gbb/rrbot_ws/src/my_position_controller/include/my_position_controller/my_position_controller.hpp:23[m[K,
[22.349s]                  from [01m[K/home/gbb/rrbot_ws/src/my_position_controller/src/my_position_controller.cpp:15[m[K:
[22.349s] [01m[K/opt/ros/humble/include/parameter_traits/parameter_traits/parameter_traits.hpp:37:7:[m[K [01;36m[Knote: [m[Kdeclared here
[22.349s]    37 | using [01;36m[KResult[m[K
[22.349s]       |       [01;36m[K^~~~~~[m[K
[22.353s] In file included from [01m[K/home/gbb/rrbot_ws/build/my_position_controller/include/my_position_controller_parameters.hpp:31[m[K,
[22.354s]                  from [01m[K/home/gbb/rrbot_ws/src/my_position_controller/include/my_position_controller/my_position_controller.hpp:23[m[K,
[22.355s]                  from [01m[K/home/gbb/rrbot_ws/src/my_position_controller/src/my_position_controller.cpp:15[m[K:
[22.355s] [01m[K/home/gbb/rrbot_ws/build/my_position_controller/include/validate_my_position_controller_parameters.hpp:[m[K In function ‚Äò[01m[Kparameter_traits::Result parameter_traits::forbidden_interface_name_prefix(const rclcpp::Parameter&)[m[K‚Äô:
[22.355s] [01m[K/home/gbb/rrbot_ws/build/my_position_controller/include/validate_my_position_controller_parameters.hpp:30:17:[m[K [01;35m[Kwarning: [m[K‚Äò[01m[Ktl::expected<void, std::__cxx11::basic_string<char> > parameter_traits::ERROR(const string&, Args ...) [with Args = {}; std::string = std::__cxx11::basic_string<char>][m[K‚Äô is deprecated: When returning tl::expected<void, std::string> you can call fmt::format directly. [[01;35m[K]8;;https://gcc.gnu.org/onlinedocs/gcc/Warning-Options.html#index-Wdeprecated-declarations-Wdeprecated-declarations]8;;[m[K]
[22.355s]    30 |     return [01;35m[KERROR("'interface_name' parameter can not start with 'blup_'")[m[K;
[22.355s]       |            [01;35m[K~~~~~^~~~~~~~~~~~~~~~~~~~~~~~~~~~~~~~~~~~~~~~~~~~~~~~~~~~~~~~~[m[K
[22.355s] In file included from [01m[K/home/gbb/rrbot_ws/build/my_position_controller/include/my_position_controller_parameters.hpp:25[m[K,
[22.356s]                  from [01m[K/home/gbb/rrbot_ws/src/my_position_controller/include/my_position_controller/my_position_controller.hpp:23[m[K,
[22.356s]                  from [01m[K/home/gbb/rrbot_ws/src/my_position_controller/src/my_position_controller.cpp:15[m[K:
[22.356s] [01m[K/opt/ros/humble/include/parameter_traits/parameter_traits/parameter_traits.hpp:46:1:[m[K [01;36m[Knote: [m[Kdeclared here
[22.356s]    46 | [01;36m[KERROR[m[K(const std::string& format, Args... args)
[22.356s]       | [01;36m[K^~~~~[m[K
[22.356s] In file included from [01m[K/home/gbb/rrbot_ws/build/my_position_controller/include/my_position_controller_parameters.hpp:31[m[K,
[22.356s]                  from [01m[K/home/gbb/rrbot_ws/src/my_position_controller/include/my_position_controller/my_position_controller.hpp:23[m[K,
[22.359s]                  from [01m[K/home/gbb/rrbot_ws/src/my_position_controller/src/my_position_controller.cpp:15[m[K:
[22.359s] [01m[K/home/gbb/rrbot_ws/build/my_position_controller/include/validate_my_position_controller_parameters.hpp:33:10:[m[K [01;35m[Kwarning: [m[K‚Äò[01m[Kparameter_traits::OK[m[K‚Äô is deprecated: When returning tl::expected<void, std::string> default construct for OK with `{}`. [[01;35m[K]8;;https://gcc.gnu.org/onlinedocs/gcc/Warning-Options.html#index-Wdeprecated-declarations-Wdeprecated-declarations]8;;[m[K]
[22.359s]    33 |   return [01;35m[KOK[m[K;
[22.359s]       |          [01;35m[K^~[m[K
[22.360s] In file included from [01m[K/home/gbb/rrbot_ws/build/my_position_controller/include/my_position_controller_parameters.hpp:25[m[K,
[22.360s]                  from [01m[K/home/gbb/rrbot_ws/src/my_position_controller/include/my_position_controller/my_position_controller.hpp:23[m[K,
[22.360s]                  from [01m[K/home/gbb/rrbot_ws/src/my_position_controller/src/my_position_controller.cpp:15[m[K:
[22.360s] [01m[K/opt/ros/humble/include/parameter_traits/parameter_traits/parameter_traits.hpp:51:13:[m[K [01;36m[Knote: [m[Kdeclared here
[22.360s]    51 | auto static [01;36m[KOK[m[K
[22.361s]       |             [01;36m[K^~[m[K
[22.435s] In file included from [01m[K/home/gbb/rrbot_ws/src/my_position_controller/include/my_position_controller/my_position_controller.hpp:27[m[K,
[22.436s]                  from [01m[K/home/gbb/rrbot_ws/src/my_position_controller/src/my_position_controller.cpp:15[m[K:
[22.436s] [01m[K/opt/ros/humble/include/realtime_tools/realtime_tools/realtime_buffer.h:[m[K At global scope:
[22.436s] [01m[K/opt/ros/humble/include/realtime_tools/realtime_tools/realtime_buffer.h:22:100:[m[K [01;36m[Knote: [m[K‚Äò[01m[K#pragma message: This header include is deprecated. Please update your code to use 'realtime_buffer.hpp' header.[m[K‚Äô
[22.436s]    22 |   "This header include is deprecated. Please update your code to use 'realtime_buffer.hpp' header."[01;36m[K)[m[K  //NOLINT
[22.436s]       |                                                                                                    [01;36m[K^[m[K
[22.436s] In file included from [01m[K/home/gbb/rrbot_ws/src/my_position_controller/include/my_position_controller/my_position_controller.hpp:28[m[K,
[22.437s]                  from [01m[K/home/gbb/rrbot_ws/src/my_position_controller/src/my_position_controller.cpp:15[m[K:
[22.437s] [01m[K/opt/ros/humble/include/realtime_tools/realtime_tools/realtime_publisher.h:22:103:[m[K [01;36m[Knote: [m[K‚Äò[01m[K#pragma message: This header include is deprecated. Please update your code to use 'realtime_publisher.hpp' header.[m[K‚Äô
[22.437s]    22 |   "This header include is deprecated. Please update your code to use 'realtime_publisher.hpp' header."[01;36m[K)[m[K  //NOLINT
[22.437s]       |                                                                                                       [01;36m[K^[m[K
[22.799s] [01m[K/home/gbb/rrbot_ws/src/my_position_controller/src/my_position_controller.cpp:[m[K In member function ‚Äò[01m[Kvirtual controller_interface::return_type my_position_controller::MyPositionController::update(const rclcpp::Time&, const rclcpp::Duration&)[m[K‚Äô:
[22.799s] [01m[K/home/gbb/rrbot_ws/src/my_position_controller/src/my_position_controller.cpp:250:28:[m[K [01;31m[Kerror: [m[K‚Äò[01m[Kstruct control_msgs::msg::JointJog_<std::allocator<void> >[m[K‚Äô has no member named ‚Äò[01m[Kjoints_names[m[K‚Äô; did you mean ‚Äò[01m[Kjoint_names[m[K‚Äô?
[22.799s]   250 |     state_publisher_->msg_.[01;31m[Kjoints_names[m[K.clear(); //ÂèëÂ∏ÉÂâçÊ∏ÖÁ©∫Êï∞ÊçÆ
[22.799s]       |                            [01;31m[K^~~~~~~~~~~~[m[K
[22.800s]       |                            [32m[Kjoint_names[m[K
[22.806s] [01m[K/home/gbb/rrbot_ws/src/my_position_controller/src/my_position_controller.cpp:260:23:[m[K [01;31m[Kerror: [m[K‚Äò[01m[Kclass realtime_tools::RealtimePublisher<control_msgs::msg::JointJog_<std::allocator<void> > >[m[K‚Äô has no member named ‚Äò[01m[Kmsg[m[K‚Äô; did you mean ‚Äò[01m[Kmsg_[m[K‚Äô?
[22.806s]   260 |     state_publisher_->[01;31m[Kmsg[m[K.header.stamp = time;
[22.807s]       |                       [01;31m[K^~~[m[K
[22.807s]       |                       [32m[Kmsg_[m[K
[30.664s] gmake[2]: *** [CMakeFiles/my_position_controller.dir/build.make:76ÔºöCMakeFiles/my_position_controller.dir/src/my_position_controller.cpp.o] ÈîôËØØ 1
[30.664s] gmake[1]: *** [CMakeFiles/Makefile2:165ÔºöCMakeFiles/my_position_controller.dir/all] ÈîôËØØ 2
[30.667s] gmake: *** [Makefile:146Ôºöall] ÈîôËØØ 2
[30.673s] Invoked command in '/home/gbb/rrbot_ws/build/my_position_controller' returned '2': CMAKE_PREFIX_PATH=/opt/ros/humble /usr/bin/cmake --build /home/gbb/rrbot_ws/build/my_position_controller -- -j8 -l8
