<?xml version="1.0" encoding="UTF-8"?>
<Site BuildName="(empty)"
	BuildStamp="20250803-1526-Experimental"
	Name="gbb"
	Generator="ctest-3.22.1"
	CompilerName="/usr/bin/c++"
	CompilerVersion="11.4.0"
	OSName="Linux"
	Hostname="gbb"
	OSRelease="6.8.0-65-generic"
	OSVersion="#68~22.04.1-Ubuntu SMP PREEMPT_DYNAMIC Tue Jul 15 18:06:34 UTC 2"
	OSPlatform="x86_64"
	Is64Bits="1"
	VendorString="GenuineIntel"
	VendorID="Intel Corporation"
	FamilyID="6"
	ModelID="158"
	ProcessorCacheSize="8192"
	NumberOfLogicalCPU="8"
	NumberOfPhysicalCPU="8"
	TotalVirtualMemory="2047"
	TotalPhysicalMemory="7894"
	LogicalProcessorsPerPhysical="1"
	ProcessorClockFrequency="2400"
	>
	<Testing>
		<StartDateTime>Aug 03 23:26 CST</StartDateTime>
		<StartTestTime>1754234816</StartTestTime>
		<TestList>
			<Test>./test_rrbot_hardware_interface</Test>
			<Test>./cppcheck</Test>
			<Test>./lint_cmake</Test>
			<Test>./uncrustify</Test>
			<Test>./xmllint</Test>
		</TestList>
		<Test Status="passed">
			<Name>test_rrbot_hardware_interface</Name>
			<Path>.</Path>
			<FullName>./test_rrbot_hardware_interface</FullName>
			<FullCommandLine>/usr/bin/python3 "-u" "/opt/ros/humble/share/ament_cmake_test/cmake/run_test.py" "/home/gbb/rrbot_ws/build/my_hardware_interface/test_results/my_hardware_interface/test_rrbot_hardware_interface.gtest.xml" "--package-name" "my_hardware_interface" "--output-file" "/home/gbb/rrbot_ws/build/my_hardware_interface/ament_cmake_gmock/test_rrbot_hardware_interface.txt" "--command" "/home/gbb/rrbot_ws/build/my_hardware_interface/test_rrbot_hardware_interface" "--gtest_output=xml:/home/gbb/rrbot_ws/build/my_hardware_interface/test_results/my_hardware_interface/test_rrbot_hardware_interface.gtest.xml"</FullCommandLine>
			<Results>
				<NamedMeasurement type="numeric/double" name="Execution Time">
					<Value>0.108937</Value>
				</NamedMeasurement>
				<NamedMeasurement type="numeric/double" name="Processors">
					<Value>1</Value>
				</NamedMeasurement>
				<NamedMeasurement type="text/string" name="Completion Status">
					<Value>Completed</Value>
				</NamedMeasurement>
				<NamedMeasurement type="text/string" name="Command Line">
					<Value>/usr/bin/python3 "-u" "/opt/ros/humble/share/ament_cmake_test/cmake/run_test.py" "/home/gbb/rrbot_ws/build/my_hardware_interface/test_results/my_hardware_interface/test_rrbot_hardware_interface.gtest.xml" "--package-name" "my_hardware_interface" "--output-file" "/home/gbb/rrbot_ws/build/my_hardware_interface/ament_cmake_gmock/test_rrbot_hardware_interface.txt" "--command" "/home/gbb/rrbot_ws/build/my_hardware_interface/test_rrbot_hardware_interface" "--gtest_output=xml:/home/gbb/rrbot_ws/build/my_hardware_interface/test_results/my_hardware_interface/test_rrbot_hardware_interface.gtest.xml"</Value>
				</NamedMeasurement>
				<NamedMeasurement type="text/string" name="Environment">
					<Value>#CTEST_RESOURCE_GROUP_COUNT=</Value>
				</NamedMeasurement>
				<Measurement>
					<Value>-- run_test.py: invoking following command in '/home/gbb/rrbot_ws/build/my_hardware_interface':
 - /home/gbb/rrbot_ws/build/my_hardware_interface/test_rrbot_hardware_interface --gtest_output=xml:/home/gbb/rrbot_ws/build/my_hardware_interface/test_results/my_hardware_interface/test_rrbot_hardware_interface.gtest.xml
Running main() from gmock_main.cc
[==========] Running 1 test from 1 test suite.
[----------] Global test environment set-up.
[----------] 1 test from TestRRBotHardwareInterface
[ RUN      ] TestRRBotHardwareInterface.load_rrbot_hardware_interface_2dof
[INFO] [1754234816.486640601] [resource_manager]: Loading hardware 'RRBotHardwareInterface2dof' 
[INFO] [1754234816.487164491] [resource_manager]: Initialize hardware 'RRBotHardwareInterface2dof' 
[INFO] [1754234816.487223370] [resource_manager]: Successful initialization of hardware 'RRBotHardwareInterface2dof'
[       OK ] TestRRBotHardwareInterface.load_rrbot_hardware_interface_2dof (3 ms)
[----------] 1 test from TestRRBotHardwareInterface (3 ms total)

[----------] Global test environment tear-down
[==========] 1 test from 1 test suite ran. (3 ms total)
[  PASSED  ] 1 test.
-- run_test.py: return code 0
-- run_test.py: inject classname prefix into gtest result file '/home/gbb/rrbot_ws/build/my_hardware_interface/test_results/my_hardware_interface/test_rrbot_hardware_interface.gtest.xml'
-- run_test.py: verify result file '/home/gbb/rrbot_ws/build/my_hardware_interface/test_results/my_hardware_interface/test_rrbot_hardware_interface.gtest.xml'
</Value>
				</Measurement>
			</Results>
			<Labels>
				<Label>gmock</Label>
			</Labels>
		</Test>
		<Test Status="passed">
			<Name>cppcheck</Name>
			<Path>.</Path>
			<FullName>./cppcheck</FullName>
			<FullCommandLine>/usr/bin/python3 "-u" "/opt/ros/humble/share/ament_cmake_test/cmake/run_test.py" "/home/gbb/rrbot_ws/build/my_hardware_interface/test_results/my_hardware_interface/cppcheck.xunit.xml" "--package-name" "my_hardware_interface" "--output-file" "/home/gbb/rrbot_ws/build/my_hardware_interface/ament_cppcheck/cppcheck.txt" "--command" "/opt/ros/humble/bin/ament_cppcheck" "--xunit-file" "/home/gbb/rrbot_ws/build/my_hardware_interface/test_results/my_hardware_interface/cppcheck.xunit.xml" "--include_dirs" "/home/gbb/rrbot_ws/my_hardware_interface/include"</FullCommandLine>
			<Results>
				<NamedMeasurement type="numeric/double" name="Execution Time">
					<Value>0.241737</Value>
				</NamedMeasurement>
				<NamedMeasurement type="numeric/double" name="Processors">
					<Value>1</Value>
				</NamedMeasurement>
				<NamedMeasurement type="text/string" name="Completion Status">
					<Value>Completed</Value>
				</NamedMeasurement>
				<NamedMeasurement type="text/string" name="Command Line">
					<Value>/usr/bin/python3 "-u" "/opt/ros/humble/share/ament_cmake_test/cmake/run_test.py" "/home/gbb/rrbot_ws/build/my_hardware_interface/test_results/my_hardware_interface/cppcheck.xunit.xml" "--package-name" "my_hardware_interface" "--output-file" "/home/gbb/rrbot_ws/build/my_hardware_interface/ament_cppcheck/cppcheck.txt" "--command" "/opt/ros/humble/bin/ament_cppcheck" "--xunit-file" "/home/gbb/rrbot_ws/build/my_hardware_interface/test_results/my_hardware_interface/cppcheck.xunit.xml" "--include_dirs" "/home/gbb/rrbot_ws/my_hardware_interface/include"</Value>
				</NamedMeasurement>
				<NamedMeasurement type="text/string" name="Environment">
					<Value>#CTEST_RESOURCE_GROUP_COUNT=</Value>
				</NamedMeasurement>
				<Measurement>
					<Value>-- run_test.py: invoking following command in '/home/gbb/rrbot_ws/my_hardware_interface':
 - /opt/ros/humble/bin/ament_cppcheck --xunit-file /home/gbb/rrbot_ws/build/my_hardware_interface/test_results/my_hardware_interface/cppcheck.xunit.xml --include_dirs /home/gbb/rrbot_ws/my_hardware_interface/include
cppcheck 2.7 has known performance issues and therefore will not be used, set the AMENT_CPPCHECK_ALLOW_SLOW_VERSIONS environment variable to override this.
-- run_test.py: return code 0
-- run_test.py: verify result file '/home/gbb/rrbot_ws/build/my_hardware_interface/test_results/my_hardware_interface/cppcheck.xunit.xml'
</Value>
				</Measurement>
			</Results>
			<Labels>
				<Label>cppcheck</Label>
				<Label>linter</Label>
			</Labels>
		</Test>
		<Test Status="passed">
			<Name>lint_cmake</Name>
			<Path>.</Path>
			<FullName>./lint_cmake</FullName>
			<FullCommandLine>/usr/bin/python3 "-u" "/opt/ros/humble/share/ament_cmake_test/cmake/run_test.py" "/home/gbb/rrbot_ws/build/my_hardware_interface/test_results/my_hardware_interface/lint_cmake.xunit.xml" "--package-name" "my_hardware_interface" "--output-file" "/home/gbb/rrbot_ws/build/my_hardware_interface/ament_lint_cmake/lint_cmake.txt" "--command" "/opt/ros/humble/bin/ament_lint_cmake" "--xunit-file" "/home/gbb/rrbot_ws/build/my_hardware_interface/test_results/my_hardware_interface/lint_cmake.xunit.xml"</FullCommandLine>
			<Results>
				<NamedMeasurement type="numeric/double" name="Execution Time">
					<Value>0.206254</Value>
				</NamedMeasurement>
				<NamedMeasurement type="numeric/double" name="Processors">
					<Value>1</Value>
				</NamedMeasurement>
				<NamedMeasurement type="text/string" name="Completion Status">
					<Value>Completed</Value>
				</NamedMeasurement>
				<NamedMeasurement type="text/string" name="Command Line">
					<Value>/usr/bin/python3 "-u" "/opt/ros/humble/share/ament_cmake_test/cmake/run_test.py" "/home/gbb/rrbot_ws/build/my_hardware_interface/test_results/my_hardware_interface/lint_cmake.xunit.xml" "--package-name" "my_hardware_interface" "--output-file" "/home/gbb/rrbot_ws/build/my_hardware_interface/ament_lint_cmake/lint_cmake.txt" "--command" "/opt/ros/humble/bin/ament_lint_cmake" "--xunit-file" "/home/gbb/rrbot_ws/build/my_hardware_interface/test_results/my_hardware_interface/lint_cmake.xunit.xml"</Value>
				</NamedMeasurement>
				<NamedMeasurement type="text/string" name="Environment">
					<Value>#CTEST_RESOURCE_GROUP_COUNT=</Value>
				</NamedMeasurement>
				<Measurement>
					<Value>-- run_test.py: invoking following command in '/home/gbb/rrbot_ws/my_hardware_interface':
 - /opt/ros/humble/bin/ament_lint_cmake --xunit-file /home/gbb/rrbot_ws/build/my_hardware_interface/test_results/my_hardware_interface/lint_cmake.xunit.xml

No problems found
-- run_test.py: return code 0
-- run_test.py: verify result file '/home/gbb/rrbot_ws/build/my_hardware_interface/test_results/my_hardware_interface/lint_cmake.xunit.xml'
</Value>
				</Measurement>
			</Results>
			<Labels>
				<Label>lint_cmake</Label>
				<Label>linter</Label>
			</Labels>
		</Test>
		<Test Status="failed">
			<Name>uncrustify</Name>
			<Path>.</Path>
			<FullName>./uncrustify</FullName>
			<FullCommandLine>/usr/bin/python3 "-u" "/opt/ros/humble/share/ament_cmake_test/cmake/run_test.py" "/home/gbb/rrbot_ws/build/my_hardware_interface/test_results/my_hardware_interface/uncrustify.xunit.xml" "--package-name" "my_hardware_interface" "--output-file" "/home/gbb/rrbot_ws/build/my_hardware_interface/ament_uncrustify/uncrustify.txt" "--command" "/opt/ros/humble/bin/ament_uncrustify" "--xunit-file" "/home/gbb/rrbot_ws/build/my_hardware_interface/test_results/my_hardware_interface/uncrustify.xunit.xml"</FullCommandLine>
			<Results>
				<NamedMeasurement type="text/string" name="Exit Code">
					<Value>Failed</Value>
				</NamedMeasurement>
				<NamedMeasurement type="text/string" name="Exit Value">
					<Value>1</Value>
				</NamedMeasurement>
				<NamedMeasurement type="numeric/double" name="Execution Time">
					<Value>0.286469</Value>
				</NamedMeasurement>
				<NamedMeasurement type="numeric/double" name="Processors">
					<Value>1</Value>
				</NamedMeasurement>
				<NamedMeasurement type="text/string" name="Completion Status">
					<Value>Completed</Value>
				</NamedMeasurement>
				<NamedMeasurement type="text/string" name="Command Line">
					<Value>/usr/bin/python3 "-u" "/opt/ros/humble/share/ament_cmake_test/cmake/run_test.py" "/home/gbb/rrbot_ws/build/my_hardware_interface/test_results/my_hardware_interface/uncrustify.xunit.xml" "--package-name" "my_hardware_interface" "--output-file" "/home/gbb/rrbot_ws/build/my_hardware_interface/ament_uncrustify/uncrustify.txt" "--command" "/opt/ros/humble/bin/ament_uncrustify" "--xunit-file" "/home/gbb/rrbot_ws/build/my_hardware_interface/test_results/my_hardware_interface/uncrustify.xunit.xml"</Value>
				</NamedMeasurement>
				<NamedMeasurement type="text/string" name="Environment">
					<Value>#CTEST_RESOURCE_GROUP_COUNT=</Value>
				</NamedMeasurement>
				<Measurement>
					<Value>-- run_test.py: invoking following command in '/home/gbb/rrbot_ws/my_hardware_interface':
 - /opt/ros/humble/bin/ament_uncrustify --xunit-file /home/gbb/rrbot_ws/build/my_hardware_interface/test_results/my_hardware_interface/uncrustify.xunit.xml
Code style divergence in file 'src/rrbot_hardware_interface.cpp':

--- src/rrbot_hardware_interface.cpp
+++ src/rrbot_hardware_interface.cpp.uncrustify
@@ -27,2 +27 @@
-  if (hardware_interface::SystemInterface::on_init(info) != CallbackReturn::SUCCESS)
-  {
+  if (hardware_interface::SystemInterface::on_init(info) != CallbackReturn::SUCCESS) {
@@ -50,5 +49,5 @@
-  for (size_t i = 0; i &lt; info_.joints.size(); ++i)
-  {
-    state_interfaces.emplace_back(hardware_interface::StateInterface(
-      // TODO(anyone): insert correct interfaces
-      info_.joints[i].name, hardware_interface::HW_IF_POSITION, &amp;hw_states_[i]));
+  for (size_t i = 0; i &lt; info_.joints.size(); ++i) {
+    state_interfaces.emplace_back(
+      hardware_interface::StateInterface(
+        // TODO(anyone): insert correct interfaces
+        info_.joints[i].name, hardware_interface::HW_IF_POSITION, &amp;hw_states_[i]));
@@ -63,5 +62,5 @@
-  for (size_t i = 0; i &lt; info_.joints.size(); ++i)
-  {
-    command_interfaces.emplace_back(hardware_interface::CommandInterface(
-      // TODO(anyone): insert correct interfaces
-      info_.joints[i].name, hardware_interface::HW_IF_POSITION, &amp;hw_commands_[i]));
+  for (size_t i = 0; i &lt; info_.joints.size(); ++i) {
+    command_interfaces.emplace_back(
+      hardware_interface::CommandInterface(
+        // TODO(anyone): insert correct interfaces
+        info_.joints[i].name, hardware_interface::HW_IF_POSITION, &amp;hw_commands_[i]));

Code style divergence in file 'test/test_rrbot_hardware_interface.cpp':

--- test/test_rrbot_hardware_interface.cpp
+++ test/test_rrbot_hardware_interface.cpp.uncrustify
@@ -55 +55 @@
-              ros2_control_test_assets::urdf_tail;
+    ros2_control_test_assets::urdf_tail;

2 files with code style divergence
No code style divergence in file 'include/my_hardware_interface/rrbot_hardware_interface.hpp'

-- run_test.py: return code 1
-- run_test.py: verify result file '/home/gbb/rrbot_ws/build/my_hardware_interface/test_results/my_hardware_interface/uncrustify.xunit.xml'
</Value>
				</Measurement>
			</Results>
			<Labels>
				<Label>linter</Label>
				<Label>uncrustify</Label>
			</Labels>
		</Test>
		<Test Status="passed">
			<Name>xmllint</Name>
			<Path>.</Path>
			<FullName>./xmllint</FullName>
			<FullCommandLine>/usr/bin/python3 "-u" "/opt/ros/humble/share/ament_cmake_test/cmake/run_test.py" "/home/gbb/rrbot_ws/build/my_hardware_interface/test_results/my_hardware_interface/xmllint.xunit.xml" "--package-name" "my_hardware_interface" "--output-file" "/home/gbb/rrbot_ws/build/my_hardware_interface/ament_xmllint/xmllint.txt" "--command" "/opt/ros/humble/bin/ament_xmllint" "--xunit-file" "/home/gbb/rrbot_ws/build/my_hardware_interface/test_results/my_hardware_interface/xmllint.xunit.xml"</FullCommandLine>
			<Results>
				<NamedMeasurement type="numeric/double" name="Execution Time">
					<Value>1.58661</Value>
				</NamedMeasurement>
				<NamedMeasurement type="numeric/double" name="Processors">
					<Value>1</Value>
				</NamedMeasurement>
				<NamedMeasurement type="text/string" name="Completion Status">
					<Value>Completed</Value>
				</NamedMeasurement>
				<NamedMeasurement type="text/string" name="Command Line">
					<Value>/usr/bin/python3 "-u" "/opt/ros/humble/share/ament_cmake_test/cmake/run_test.py" "/home/gbb/rrbot_ws/build/my_hardware_interface/test_results/my_hardware_interface/xmllint.xunit.xml" "--package-name" "my_hardware_interface" "--output-file" "/home/gbb/rrbot_ws/build/my_hardware_interface/ament_xmllint/xmllint.txt" "--command" "/opt/ros/humble/bin/ament_xmllint" "--xunit-file" "/home/gbb/rrbot_ws/build/my_hardware_interface/test_results/my_hardware_interface/xmllint.xunit.xml"</Value>
				</NamedMeasurement>
				<NamedMeasurement type="text/string" name="Environment">
					<Value>#CTEST_RESOURCE_GROUP_COUNT=</Value>
				</NamedMeasurement>
				<Measurement>
					<Value>-- run_test.py: invoking following command in '/home/gbb/rrbot_ws/my_hardware_interface':
 - /opt/ros/humble/bin/ament_xmllint --xunit-file /home/gbb/rrbot_ws/build/my_hardware_interface/test_results/my_hardware_interface/xmllint.xunit.xml
File 'my_hardware_interface.xml' is valid

File 'package.xml' is valid

No problems found
-- run_test.py: return code 0
-- run_test.py: verify result file '/home/gbb/rrbot_ws/build/my_hardware_interface/test_results/my_hardware_interface/xmllint.xunit.xml'
</Value>
				</Measurement>
			</Results>
			<Labels>
				<Label>linter</Label>
				<Label>xmllint</Label>
			</Labels>
		</Test>
		<EndDateTime>Aug 03 23:26 CST</EndDateTime>
		<EndTestTime>1754234818</EndTestTime>
		<ElapsedMinutes>0</ElapsedMinutes>
	</Testing>
</Site>
